[0.190s] Invoking command in '/home/ml_nd/bumperbot_ws/build/bumperbot_cpp_examples': CMAKE_PREFIX_PATH=/opt/ros/humble /usr/bin/cmake --build /home/ml_nd/bumperbot_ws/build/bumperbot_cpp_examples -- -j4 -l4
[0.228s] -- Found ament_cmake: 1.3.7 (/opt/ros/humble/share/ament_cmake/cmake)
[0.416s] -- Found rclcpp: 16.0.8 (/opt/ros/humble/share/rclcpp/cmake)
[0.449s] -- Found rosidl_generator_c: 3.1.5 (/opt/ros/humble/share/rosidl_generator_c/cmake)
[0.452s] -- Found rosidl_adapter: 3.1.5 (/opt/ros/humble/share/rosidl_adapter/cmake)
[0.459s] -- Found rosidl_generator_cpp: 3.1.5 (/opt/ros/humble/share/rosidl_generator_cpp/cmake)
[0.472s] -- Using all available rosidl_typesupport_c: rosidl_typesupport_fastrtps_c;rosidl_typesupport_introspection_c
[0.491s] -- Using all available rosidl_typesupport_cpp: rosidl_typesupport_fastrtps_cpp;rosidl_typesupport_introspection_cpp
[0.568s] -- Found rmw_implementation_cmake: 6.1.1 (/opt/ros/humble/share/rmw_implementation_cmake/cmake)
[0.570s] -- Found rmw_fastrtps_cpp: 6.2.6 (/opt/ros/humble/share/rmw_fastrtps_cpp/cmake)
[0.776s] -- Using RMW implementation 'rmw_fastrtps_cpp' as default
[1.117s] -- Found turtlesim: 1.4.2 (/opt/ros/humble/share/turtlesim/cmake)
[1.488s] -- Configuring done
[1.525s] -- Generating done
[1.528s] -- Build files have been written to: /home/ml_nd/bumperbot_ws/build/bumperbot_cpp_examples
[1.563s] [35m[1mConsolidate compiler generated dependencies of target simple_subscriber[0m
[1.573s] [35m[1mConsolidate compiler generated dependencies of target simple_publisher[0m
[1.575s] [35m[1mConsolidate compiler generated dependencies of target simple_parameter[0m
[1.602s] [ 12%] [32mBuilding CXX object CMakeFiles/simple_turtlesim_kinematics.dir/src/simple_turtlesim_kinematics.cpp.o[0m
[1.612s] [ 25%] [32mBuilding CXX object CMakeFiles/simple_subscriber.dir/src/simple_subscriber.cpp.o[0m
[1.619s] [01m[K/home/ml_nd/bumperbot_ws/src/bumperbot_cpp_examples/src/simple_turtlesim_kinematics.cpp:1:10:[m[K [01;31m[Kfatal error: [m[Kbumperbot_cpp_examples/simple_turtlesim_kinematics.hpp: No such file or directory
[1.619s]     1 | #include [01;31m[K"bumperbot_cpp_examples/simple_turtlesim_kinematics.hpp"[m[K
[1.619s]       |          [01;31m[K^~~~~~~~~~~~~~~~~~~~~~~~~~~~~~~~~~~~~~~~~~~~~~~~~~~~~~~~[m[K
[1.619s] compilation terminated.
[1.620s] gmake[2]: *** [CMakeFiles/simple_turtlesim_kinematics.dir/build.make:76: CMakeFiles/simple_turtlesim_kinematics.dir/src/simple_turtlesim_kinematics.cpp.o] Error 1
[1.620s] gmake[1]: *** [CMakeFiles/Makefile2:221: CMakeFiles/simple_turtlesim_kinematics.dir/all] Error 2
[1.620s] gmake[1]: *** Waiting for unfinished jobs....
[1.640s] [ 37%] [32mBuilding CXX object CMakeFiles/simple_publisher.dir/src/simple_publisher.cpp.o[0m
[1.644s] [ 50%] [32mBuilding CXX object CMakeFiles/simple_parameter.dir/src/simple_parameter.cpp.o[0m
[6.145s] [ 62%] [32m[1mLinking CXX executable simple_parameter[0m
[6.363s] [ 62%] Built target simple_parameter
[7.073s] [ 75%] [32m[1mLinking CXX executable simple_publisher[0m
[7.291s] [ 75%] Built target simple_publisher
[11.561s] [ 87%] [32m[1mLinking CXX executable simple_subscriber[0m
[11.958s] [ 87%] Built target simple_subscriber
[11.960s] gmake: *** [Makefile:146: all] Error 2
[11.962s] Invoked command in '/home/ml_nd/bumperbot_ws/build/bumperbot_cpp_examples' returned '2': CMAKE_PREFIX_PATH=/opt/ros/humble /usr/bin/cmake --build /home/ml_nd/bumperbot_ws/build/bumperbot_cpp_examples -- -j4 -l4
