[0.254s] Invoking command in '/home/ml_nd/bumperbot_ws/build/bumperbot_cpp_examples': CMAKE_PREFIX_PATH=/opt/ros/humble /usr/bin/cmake --build /home/ml_nd/bumperbot_ws/build/bumperbot_cpp_examples -- -j4 -l4
[0.333s] [35m[1mConsolidate compiler generated dependencies of target simple_subscriber[0m
[0.339s] [35m[1mConsolidate compiler generated dependencies of target simple_publisher[0m
[0.342s] [35m[1mConsolidate compiler generated dependencies of target simple_parameter[0m
[0.371s] [ 12%] [32mBuilding CXX object CMakeFiles/simple_turtlesim_kinematics.dir/src/simple_turtlesim_kinematics.cpp.o[0m
[0.398s] [01m[K/home/ml_nd/bumperbot_ws/src/bumperbot_cpp_examples/src/simple_turtlesim_kinematics.cpp:1:10:[m[K [01;31m[Kfatal error: [m[Kbumperbot_cpp_examples/include/bumperbot_cpp_examples/simple_turtlesim_kinematics.hpp: No such file or directory
[0.399s]     1 | #include [01;31m[K"bumperbot_cpp_examples/include/bumperbot_cpp_examples/simple_turtlesim_kinematics.hpp"[m[K
[0.399s]       |          [01;31m[K^~~~~~~~~~~~~~~~~~~~~~~~~~~~~~~~~~~~~~~~~~~~~~~~~~~~~~~~~~~~~~~~~~~~~~~~~~~~~~~~~~~~~~~[m[K
[0.399s] compilation terminated.
[0.401s] gmake[2]: *** [CMakeFiles/simple_turtlesim_kinematics.dir/build.make:76: CMakeFiles/simple_turtlesim_kinematics.dir/src/simple_turtlesim_kinematics.cpp.o] Error 1
[0.406s] gmake[1]: *** [CMakeFiles/Makefile2:221: CMakeFiles/simple_turtlesim_kinematics.dir/all] Error 2
[0.406s] gmake[1]: *** Waiting for unfinished jobs....
[0.414s] [ 37%] Built target simple_publisher
[0.429s] [ 62%] Built target simple_parameter
[0.434s] [ 87%] Built target simple_subscriber
[0.436s] gmake: *** [Makefile:146: all] Error 2
[0.777s] Invoked command in '/home/ml_nd/bumperbot_ws/build/bumperbot_cpp_examples' returned '2': CMAKE_PREFIX_PATH=/opt/ros/humble /usr/bin/cmake --build /home/ml_nd/bumperbot_ws/build/bumperbot_cpp_examples -- -j4 -l4
