[0.082s] Invoking command in '/home/ml_nd/bumperbot_ws/build/bumperbot_cpp_examples': /usr/bin/cmake --build /home/ml_nd/bumperbot_ws/build/bumperbot_cpp_examples -- -j4 -l4
[0.112s] -- Found ament_cmake: 1.3.7 (/opt/ros/humble/share/ament_cmake/cmake)
[0.346s] Traceback (most recent call last):
[0.347s]   File "/opt/ros/humble/share/ament_cmake_core/cmake/package_templates/templates_2_cmake.py", line 21, in <module>
[0.348s]     from ament_package.templates import get_environment_hook_template_path
[0.349s] ModuleNotFoundError: No module named 'ament_package'
[0.362s] [31mCMake Error at /opt/ros/humble/share/ament_cmake_core/cmake/ament_cmake_package_templates-extras.cmake:41 (message):
[0.362s]   execute_process(/usr/bin/python3.10
[0.362s]   /opt/ros/humble/share/ament_cmake_core/cmake/package_templates/templates_2_cmake.py
[0.362s]   /home/ml_nd/bumperbot_ws/build/bumperbot_cpp_examples/ament_cmake_package_templates/templates.cmake)
[0.362s]   returned error code 1
[0.363s] Call Stack (most recent call first):
[0.363s]   /opt/ros/humble/share/ament_cmake_core/cmake/ament_cmake_coreConfig.cmake:41 (include)
[0.363s]   /opt/ros/humble/share/ament_cmake/cmake/ament_cmake_export_dependencies-extras.cmake:15 (find_package)
[0.363s]   /opt/ros/humble/share/ament_cmake/cmake/ament_cmakeConfig.cmake:41 (include)
[0.363s]   CMakeLists.txt:8 (find_package)
[0.363s] 
[0.363s] [0m
[0.364s] -- Configuring incomplete, errors occurred!
[0.364s] See also "/home/ml_nd/bumperbot_ws/build/bumperbot_cpp_examples/CMakeFiles/CMakeOutput.log".
[0.367s] gmake: *** [Makefile:226: cmake_check_build_system] Error 1
[0.471s] Invoked command in '/home/ml_nd/bumperbot_ws/build/bumperbot_cpp_examples' returned '2': /usr/bin/cmake --build /home/ml_nd/bumperbot_ws/build/bumperbot_cpp_examples -- -j4 -l4
